<?xml version="1.0" encoding="UTF-8"?>
<persistence xmlns="http://xmlns.jcp.org/xml/ns/persistence"
             xmlns:xsi="http://www.w3.org/2001/XMLSchema-instance"
             xsi:schemaLocation="http://xmlns.jcp.org/xml/ns/persistence
                                 http://xmlns.jcp.org/xml/ns/persistence/persistence_2_2.xsd"
  			 version="2.2">
	<persistence-unit name="SimpleWarehouse-PU" transaction-type="JTA">
		<class>com.home.simplewarehouse.model.HandlingUnit</class>
		<class>com.home.simplewarehouse.model.Location</class>
		<class>com.home.simplewarehouse.model.RandomLocation</class>
		<class>com.home.simplewarehouse.model.FifoLocation</class>
		<class>com.home.simplewarehouse.model.LifoLocation</class>
		<class>com.home.simplewarehouse.model.LocationStatus</class>
		<class>com.home.simplewarehouse.model.Dimension</class>
		<class>com.home.simplewarehouse.model.Position</class>
		<class>com.home.simplewarehouse.model.LogicalPosition</class>
		<class>com.home.simplewarehouse.model.RelativPosition</class>
		<class>com.home.simplewarehouse.model.AbsolutPosition</class>
		<class>com.home.simplewarehouse.model.Zone</class>
		<class>com.home.simplewarehouse.patterns.singleton.simplecache.model.ApplConfig</class>	
		<properties>
			<property name="javax.persistence.jdbc.driver" value="org.h2.Driver" />
			<property name="javax.persistence.jdbc.url" value="jdbc:h2:mem:test" />
			<property name="javax.persistence.jdbc.user" value="sa" />
			<property name="javax.persistence.jdbc.password" value="" />
			<property name="eclipselink.ddl-generation" value="drop-and-create-tables" />
			<property name="eclipselink.create-ddl-jdbc-file-name" value="createDDL_ddlGeneration.jdbc"/>
            <property name="eclipselink.drop-ddl-jdbc-file-name" value="dropDDL_ddlGeneration.jdbc"/>		
			<property name="eclipselink.ddl-generation.output-mode" value="both" />
			<property name="eclipselink.application-location" value="c:/tmp"/>
			<property name="eclipselink.weaving" value="true"/> 
			<property name="eclipselink.logging.logger" value="DefaultLogger"/>
            <property name="eclipselink.logging.level.sql" value="FINE" />
            <property name="eclipselink.logging.level" value="FINE" />
            <property name="eclipselink.logging.level.cache" value="FINER" />
            <property name="eclipselink.logging.parameters" value="true" />

            <!-- Cache-configuration for special Entities -->
            <property name="eclipselink.cache.type.com.home.simplewarehouse.model.HandlingUnit" value="SOFT" />
            <property name="eclipselink.cache.type.com.home.simplewarehouse.model.Location" value="NONE" />
            <property name="eclipselink.cache.type.com.home.simplewarehouse.model.FifoLocation" value="NONE" />
            <property name="eclipselink.cache.type.com.home.simplewarehouse.model.LifoLocation" value="NONE" />
            <property name="eclipselink.cache.type.com.home.simplewarehouse.model.LocationStatus" value="SOFT" />
            <property name="eclipselink.cache.type.com.home.simplewarehouse.model.Zone" value="SOFT" />
            <property name="eclipselink.cache.type.com.home.simplewarehouse.model.Position" value="NONE" />
            
            <!-- Caching in Query-Level control -->
            <property name="eclipselink.query-results-cache" value="false" />

            <!-- Cache invalidate after changes -->
            <property name="eclipselink.cache.coordination" value="INVALIDATE_CHANGED_OBJECTS" />
		</properties>
	</persistence-unit>
</persistence>